<?xml version="1.0" encoding="UTF-8"?>
<testsuite name="com.grizzly.apf.Test.TestDao.TestDao" time="14.507" tests="1" errors="1" skipped="0" failures="0">
  <properties>
    <property name="idea.version" value="13.1.2"/>
    <property name="java.runtime.name" value="Java(TM) SE Runtime Environment"/>
    <property name="sun.boot.library.path" value="C:\Program Files\Java\jdk1.7.0_13\jre\bin"/>
    <property name="java.vm.version" value="23.7-b01"/>
    <property name="user.country.format" value="CL"/>
    <property name="java.vm.vendor" value="Oracle Corporation"/>
    <property name="java.vendor.url" value="http://java.oracle.com/"/>
    <property name="path.separator" value=";"/>
    <property name="guice.disable.misplaced.annotation.check" value="true"/>
    <property name="java.vm.name" value="Java HotSpot(TM) 64-Bit Server VM"/>
    <property name="file.encoding.pkg" value="sun.io"/>
    <property name="idea.launcher.port" value="7538"/>
    <property name="user.script" value=""/>
    <property name="user.country" value="US"/>
    <property name="sun.java.launcher" value="SUN_STANDARD"/>
    <property name="sun.os.patch.level" value="Service Pack 1"/>
    <property name="java.vm.specification.name" value="Java Virtual Machine Specification"/>
    <property name="user.dir" value="D:\Git\APF-Ormlite-Normal"/>
    <property name="java.runtime.version" value="1.7.0_13-b20"/>
    <property name="java.awt.graphicsenv" value="sun.awt.Win32GraphicsEnvironment"/>
    <property name="java.endorsed.dirs" value="C:\Program Files\Java\jdk1.7.0_13\jre\lib\endorsed"/>
    <property name="os.arch" value="amd64"/>
    <property name="java.io.tmpdir" value="C:\Users\Fco\AppData\Local\Temp\"/>
    <property name="line.separator" value="&#10;"/>
    <property name="java.vm.specification.vendor" value="Oracle Corporation"/>
    <property name="user.variant" value=""/>
    <property name="os.name" value="Windows 7"/>
    <property name="classworlds.conf" value="C:\Maven\bin\m2.conf"/>
    <property name="sun.jnu.encoding" value="Cp1252"/>
    <property name="java.library.path" value="C:\Program Files\Java\jdk1.7.0_13\bin;C:\windows\Sun\Java\bin;C:\windows\system32;C:\windows;C:\Program Files\Common Files\Microsoft Shared\Windows Live;C:\Program Files (x86)\Common Files\Microsoft Shared\Windows Live;C:\Program Files (x86)\AMD APP\bin\x86_64;C:\Program Files (x86)\AMD APP\bin\x86;C:\windows\system32;C:\windows;C:\windows\System32\Wbem;C:\windows\System32\WindowsPowerShell\v1.0\;C:\Program Files (x86)\ATI Technologies\ATI.ACE\Core-Static;C:\Program Files (x86)\Windows Live\Shared;C:\Program Files\MySQL\MySQL Server 5.5\bin;C:\Program Files\Microsoft\Web Platform Installer\;C:\Program Files (x86)\Microsoft ASP.NET\ASP.NET Web Pages\v1.0\;C:\Program Files\Microsoft SQL Server\110\Tools\Binn\;C:\Program Files (x86)\Microsoft SQL Server\110\Tools\Binn\;C:\Program Files (x86)\Microsoft SQL Server\110\DTS\Binn\;C:\Program Files (x86)\Microsoft SQL Server\110\Tools\Binn\ManagementStudio\;C:\Program Files (x86)\Microsoft Visual Studio 10.0\Common7\IDE\PrivateAssemblies\;C:\Maven\bin;C:\Program Files\Java\jdk1.7.0_13;C:\Program Files (x86)\Git\cmd;D:\adt-bundle-windows-x86_64-20130219\sdk\platform-tools;."/>
    <property name="java.specification.name" value="Java Platform API Specification"/>
    <property name="java.class.version" value="51.0"/>
    <property name="sun.management.compiler" value="HotSpot 64-Bit Tiered Compilers"/>
    <property name="os.version" value="6.1"/>
    <property name="user.home" value="C:\Users\Fco"/>
    <property name="user.timezone" value="America/Santiago"/>
    <property name="java.awt.printerjob" value="sun.awt.windows.WPrinterJob"/>
    <property name="java.specification.version" value="1.7"/>
    <property name="idea.launcher.bin.path" value="C:\Program Files (x86)\JetBrains\IntelliJ IDEA Community Edition 13.1.1\bin"/>
    <property name="file.encoding" value="UTF-8"/>
    <property name="user.name" value="Fco"/>
    <property name="java.class.path" value="C:\Maven\boot\plexus-classworlds-2.5.1.jar;C:\Program Files (x86)\JetBrains\IntelliJ IDEA Community Edition 13.1.1\lib\idea_rt.jar"/>
    <property name="org.slf4j.simpleLogger.defaultLogLevel" value="info"/>
    <property name="java.vm.specification.version" value="1.7"/>
    <property name="sun.arch.data.model" value="64"/>
    <property name="java.home" value="C:\Program Files\Java\jdk1.7.0_13\jre"/>
    <property name="sun.java.command" value="com.intellij.rt.execution.application.AppMain org.codehaus.classworlds.Launcher -Didea.version=13.1.2 test"/>
    <property name="java.specification.vendor" value="Oracle Corporation"/>
    <property name="user.language" value="en"/>
    <property name="user.language.format" value="es"/>
    <property name="awt.toolkit" value="sun.awt.windows.WToolkit"/>
    <property name="java.vm.info" value="mixed mode"/>
    <property name="java.version" value="1.7.0_13"/>
    <property name="java.ext.dirs" value="C:\Program Files\Java\jdk1.7.0_13\jre\lib\ext;C:\windows\Sun\Java\lib\ext"/>
    <property name="sun.boot.class.path" value="C:\Program Files\Java\jdk1.7.0_13\jre\lib\resources.jar;C:\Program Files\Java\jdk1.7.0_13\jre\lib\rt.jar;C:\Program Files\Java\jdk1.7.0_13\jre\lib\sunrsasign.jar;C:\Program Files\Java\jdk1.7.0_13\jre\lib\jsse.jar;C:\Program Files\Java\jdk1.7.0_13\jre\lib\jce.jar;C:\Program Files\Java\jdk1.7.0_13\jre\lib\charsets.jar;C:\Program Files\Java\jdk1.7.0_13\jre\lib\jfr.jar;C:\Program Files\Java\jdk1.7.0_13\jre\classes"/>
    <property name="java.vendor" value="Oracle Corporation"/>
    <property name="maven.home" value="C:\Maven"/>
    <property name="file.separator" value="\"/>
    <property name="java.vendor.url.bug" value="http://bugreport.sun.com/bugreport/"/>
    <property name="sun.cpu.endian" value="little"/>
    <property name="sun.io.unicode.encoding" value="UnicodeLittle"/>
    <property name="sun.desktop" value="windows"/>
    <property name="sun.cpu.isalist" value="amd64"/>
  </properties>
  <testcase name="TestDao01" classname="com.grizzly.apf.Test.TestDao.TestDao" time="14.507">
    <error type="java.lang.NullPointerException:">java.lang.NullPointerException: null
	at com.grizzly.apf.Test.TestDao.TestDao.TestDao01(TestDao.java:58)
</error>
    <system-out><![CDATA[DEBUG: Loading resources for android from jar:C:\Users\Fco\.m2\repository\org\robolectric\android-res\4.1.2_r1_rc\android-res-4.1.2_r1_rc-real.jar!/res...

----------------------------------------------------------------------
                 STARTING TESTS IN THE CLASS:TestDao
----------------------------------------------------------------------

-----------------TestDao-1-----------------

V/OrmLiteSqliteOpenHelper: TestSchema@638844a6: constructed connectionSource AndroidConnectionSource@7532157
V/OpenHelperManager: zero instances, created helper TestSchema@638844a6
V/OpenHelperManager: returning helper TestSchema@638844a6, instance count = 1 
V/droidDatabaseConnection: AndroidDatabaseConnection@316383c3: db SQLiteDatabase: C:\Users\Fco\AppData\Local\Temp\android-database1256765344682952595robolectric\17465fe8-3021-45d2-bf1b-2dbfe6174061\AppData.db opened, read-write = true
D/DaoManager: created dao for class class com.grizzly.apf.Test.TestEntities.PersonTest with reflection
I/TableUtils: creating table 'persontest'
V/droidDatabaseConnection: AndroidDatabaseConnection@316383c3: compiled statement got AndroidCompiledStatement@11241756: CREATE TABLE `persontest` (`ID` VARCHAR , `NAME` VARCHAR , `storage_strategy` INTEGER , `path_to_files` VARCHAR , PRIMARY KEY (`ID`) ) 
V/ndroidCompiledStatement: executing statement runExecute changed 0 rows: CREATE TABLE `persontest` (`ID` VARCHAR , `NAME` VARCHAR , `storage_strategy` INTEGER , `path_to_files` VARCHAR , PRIMARY KEY (`ID`) ) 
I/TableUtils: executed create table statement changed 0 rows: CREATE TABLE `persontest` (`ID` VARCHAR , `NAME` VARCHAR , `storage_strategy` INTEGER , `path_to_files` VARCHAR , PRIMARY KEY (`ID`) ) 
V/droidDatabaseConnection: AndroidDatabaseConnection@3301b608: db SQLiteDatabase: C:\Users\Fco\AppData\Local\Temp\android-database1256765344682952595robolectric\17465fe8-3021-45d2-bf1b-2dbfe6174061\AppData.db opened, read-write = true
V/AndroidConnectionSource: created connection AndroidDatabaseConnection@3301b608 for db SQLiteDatabase: C:\Users\Fco\AppData\Local\Temp\android-database1256765344682952595robolectric\17465fe8-3021-45d2-bf1b-2dbfe6174061\AppData.db, helper TestSchema@638844a6
V/droidDatabaseConnection: AndroidDatabaseConnection@3301b608: insert statement is compiled and executed, changed 1: INSERT INTO `persontest` (`ID` ,`NAME` ,`storage_strategy` ,`path_to_files` ) VALUES (?,?,?,?)
D/BaseMappedStatement: insert data with statement 'INSERT INTO `persontest` (`ID` ,`NAME` ,`storage_strategy` ,`path_to_files` ) VALUES (?,?,?,?)' and 4 args, changed 1 rows
V/BaseMappedStatement: insert arguments: [my social id, Fco Pardo, 0, null]
V/AndroidConnectionSource: AndroidConnectionSource@7532157: returning read-write connection AndroidDatabaseConnection@3301b608, helper TestSchema@638844a6
D/BaseMappedStatement: insert data with statement 'INSERT INTO `persontest` (`ID` ,`NAME` ,`storage_strategy` ,`path_to_files` ) VALUES (?,?,?,?)' and 4 args, threw exception: java.sql.SQLException: inserting to database failed: INSERT INTO `persontest` (`ID` ,`NAME` ,`storage_strategy` ,`path_to_files` ) VALUES (?,?,?,?)
V/BaseMappedStatement: insert arguments: [my social id, Fco Pardo, 0, null]

 My person is:my social id
V/AndroidConnectionSource: AndroidConnectionSource@7532157: returning read-write connection AndroidDatabaseConnection@3301b608, helper TestSchema@638844a6
V/droidDatabaseConnection: updated statement is compiled and executed, changed 1: UPDATE `persontest` SET `NAME` = ?, `storage_strategy` = ?, `path_to_files` = ? WHERE `ID` = ?
D/BaseMappedStatement: update data with statement 'UPDATE `persontest` SET `NAME` = ?, `storage_strategy` = ?, `path_to_files` = ? WHERE `ID` = ?' and 4 args, changed 1 rows
V/BaseMappedStatement: update arguments: [a new name, 0, null, my social id]
My ID is: my social id
V/AndroidConnectionSource: AndroidConnectionSource@7532157: returning read-write connection AndroidDatabaseConnection@3301b608, helper TestSchema@638844a6
V/droidDatabaseConnection: AndroidDatabaseConnection@3301b608: queried for one result: SELECT * FROM `persontest` WHERE `ID` = ?
The getEntity operation in the class: com.grizzly.apf.Test.TestEntities.PersonTest was impossible for the value: null

My inner result is: my social id
V/AndroidConnectionSource: AndroidConnectionSource@7532157: returning read-write connection AndroidDatabaseConnection@3301b608, helper TestSchema@638844a6
V/droidDatabaseConnection: AndroidDatabaseConnection@3301b608: queried for one result: SELECT * FROM `persontest` WHERE `ID` = ?
D/BaseMappedStatement: query-for-id using 'SELECT * FROM `persontest` WHERE `ID` = ?' and 1 args, got no results
V/BaseMappedStatement: query-for-id arguments: [my social id u]
V/AndroidConnectionSource: AndroidConnectionSource@7532157: returning read-write connection AndroidDatabaseConnection@3301b608, helper TestSchema@638844a6
V/droidDatabaseConnection: AndroidDatabaseConnection@3301b608: queried for one result: SELECT * FROM `persontest` WHERE `ID` = ?

-----------------test case:TestDao 1 finished-----------------

]]></system-out>
    <system-err><![CDATA[WARNING: no system properties value for ro.build.date.utc
java.sql.SQLException: Unable to run insert stmt on object com.grizzly.apf.Test.TestEntities.PersonTest@308a53a: INSERT INTO `persontest` (`ID` ,`NAME` ,`storage_strategy` ,`path_to_files` ) VALUES (?,?,?,?)
	at com.j256.ormlite.misc.SqlExceptionUtil.create(SqlExceptionUtil.java:22)
	at com.j256.ormlite.stmt.mapped.MappedCreate.insert(MappedCreate.java:135)
	at com.j256.ormlite.stmt.StatementExecutor.create(StatementExecutor.java:450)
	at com.j256.ormlite.dao.BaseDaoImpl.create(BaseDaoImpl.java:310)
	at com.grizzly.apf.Dao.Ormlite.AdvancedDao.create(AdvancedDao.java:239)
	at com.grizzly.apf.Test.TestDao.TestDao.TestDao01(TestDao.java:34)
	at sun.reflect.NativeMethodAccessorImpl.invoke0(Native Method)
	at sun.reflect.NativeMethodAccessorImpl.invoke(NativeMethodAccessorImpl.java:57)
	at sun.reflect.DelegatingMethodAccessorImpl.invoke(DelegatingMethodAccessorImpl.java:43)
	at java.lang.reflect.Method.invoke(Method.java:601)
	at org.junit.runners.model.FrameworkMethod$1.runReflectiveCall(FrameworkMethod.java:47)
	at org.junit.internal.runners.model.ReflectiveCallable.run(ReflectiveCallable.java:12)
	at org.junit.runners.model.FrameworkMethod.invokeExplosively(FrameworkMethod.java:44)
	at org.junit.internal.runners.statements.InvokeMethod.evaluate(InvokeMethod.java:17)
	at org.junit.internal.runners.statements.RunBefores.evaluate(RunBefores.java:26)
	at org.junit.internal.runners.statements.RunAfters.evaluate(RunAfters.java:27)
	at org.robolectric.RobolectricTestRunner$2.evaluate(RobolectricTestRunner.java:234)
	at org.junit.runners.ParentRunner.runLeaf(ParentRunner.java:271)
	at org.junit.runners.BlockJUnit4ClassRunner.runChild(BlockJUnit4ClassRunner.java:70)
	at org.junit.runners.BlockJUnit4ClassRunner.runChild(BlockJUnit4ClassRunner.java:50)
	at org.junit.runners.ParentRunner$3.run(ParentRunner.java:238)
	at org.junit.runners.ParentRunner$1.schedule(ParentRunner.java:63)
	at org.junit.runners.ParentRunner.runChildren(ParentRunner.java:236)
	at org.junit.runners.ParentRunner.access$000(ParentRunner.java:53)
	at org.junit.runners.ParentRunner$2.evaluate(ParentRunner.java:229)
	at org.robolectric.RobolectricTestRunner$1.evaluate(RobolectricTestRunner.java:175)
	at org.junit.runners.ParentRunner.run(ParentRunner.java:309)
	at org.apache.maven.surefire.junit4.JUnit4Provider.execute(JUnit4Provider.java:264)
	at org.apache.maven.surefire.junit4.JUnit4Provider.executeTestSet(JUnit4Provider.java:153)
	at org.apache.maven.surefire.junit4.JUnit4Provider.invoke(JUnit4Provider.java:124)
	at org.apache.maven.surefire.booter.ForkedBooter.invokeProviderInSameClassLoader(ForkedBooter.java:200)
	at org.apache.maven.surefire.booter.ForkedBooter.runSuitesInProcess(ForkedBooter.java:153)
	at org.apache.maven.surefire.booter.ForkedBooter.main(ForkedBooter.java:103)
Caused by: java.sql.SQLException: inserting to database failed: INSERT INTO `persontest` (`ID` ,`NAME` ,`storage_strategy` ,`path_to_files` ) VALUES (?,?,?,?)
	at com.j256.ormlite.misc.SqlExceptionUtil.create(SqlExceptionUtil.java:22)
	at com.j256.ormlite.android.AndroidDatabaseConnection.insert(AndroidDatabaseConnection.java:169)
	at com.j256.ormlite.stmt.mapped.MappedCreate.insert(MappedCreate.java:91)
	... 31 more
Caused by: android.database.sqlite.SQLiteException: [SQLITE_CONSTRAINT]  Abort due to constraint violation (column ID is not unique)
	at org.robolectric.shadows.ShadowSQLiteStatement.executeInsert(ShadowSQLiteStatement.java:41)
	at android.database.sqlite.SQLiteStatement.executeInsert(SQLiteStatement.java)
	at com.j256.ormlite.android.AndroidDatabaseConnection.insert(AndroidDatabaseConnection.java:157)
	at com.j256.ormlite.stmt.mapped.MappedCreate.insert(MappedCreate.java:91)
	at com.j256.ormlite.stmt.StatementExecutor.create(StatementExecutor.java:450)
	at com.j256.ormlite.dao.BaseDaoImpl.create(BaseDaoImpl.java:310)
	at com.grizzly.apf.Dao.Ormlite.AdvancedDao.create(AdvancedDao.java:239)
	at com.grizzly.apf.Test.TestDao.TestDao.TestDao01(TestDao.java:34)
	... 23 more
Caused by: java.sql.SQLException: [SQLITE_CONSTRAINT]  Abort due to constraint violation (column ID is not unique)
	at org.sqlite.DB.newSQLException(DB.java:383)
	at org.sqlite.DB.newSQLException(DB.java:387)
	at org.sqlite.DB.execute(DB.java:342)
	at org.sqlite.DB.executeUpdate(DB.java:363)
	at org.sqlite.PrepStmt.executeUpdate(PrepStmt.java:85)
	at org.robolectric.shadows.ShadowSQLiteStatement.executeInsert(ShadowSQLiteStatement.java:38)
	at sun.reflect.NativeMethodAccessorImpl.invoke0(Native Method)
	at sun.reflect.NativeMethodAccessorImpl.invoke(NativeMethodAccessorImpl.java:57)
	at sun.reflect.DelegatingMethodAccessorImpl.invoke(DelegatingMethodAccessorImpl.java:43)
	at java.lang.reflect.Method.invoke(Method.java:601)
	at org.robolectric.bytecode.ShadowWrangler$ShadowMethodPlan.run(ShadowWrangler.java:456)
	at android.database.sqlite.SQLiteStatement.executeInsert(SQLiteStatement.java)
	at com.j256.ormlite.android.AndroidDatabaseConnection.insert(AndroidDatabaseConnection.java:157)
	at com.j256.ormlite.stmt.mapped.MappedCreate.insert(MappedCreate.java:91)
	at com.j256.ormlite.stmt.StatementExecutor.create(StatementExecutor.java:450)
	at com.j256.ormlite.dao.BaseDaoImpl.create(BaseDaoImpl.java:310)
	at com.grizzly.apf.Dao.Ormlite.AdvancedDao.create(AdvancedDao.java:239)
	at com.grizzly.apf.Test.TestDao.TestDao.TestDao01(TestDao.java:34)
	at sun.reflect.NativeMethodAccessorImpl.invoke0(Native Method)
	at sun.reflect.NativeMethodAccessorImpl.invoke(NativeMethodAccessorImpl.java:57)
	at sun.reflect.DelegatingMethodAccessorImpl.invoke(DelegatingMethodAccessorImpl.java:43)
	at java.lang.reflect.Method.invoke(Method.java:601)
	... 23 more
java.sql.SQLException: Unknown field 'ID' from the Android sqlite cursor, not in:[id, name, storage_strategy, path_to_files]
	at com.j256.ormlite.android.AndroidDatabaseResults.findColumn(AndroidDatabaseResults.java:128)
	at com.j256.ormlite.field.FieldType.resultToJava(FieldType.java:815)
	at com.j256.ormlite.stmt.mapped.BaseMappedQuery.mapRow(BaseMappedQuery.java:60)
	at com.j256.ormlite.android.AndroidDatabaseConnection.queryForOne(AndroidDatabaseConnection.java:196)
	at com.j256.ormlite.stmt.mapped.MappedQueryForId.execute(MappedQueryForId.java:38)
	at com.j256.ormlite.stmt.StatementExecutor.queryForId(StatementExecutor.java:85)
	at com.j256.ormlite.dao.BaseDaoImpl.queryForId(BaseDaoImpl.java:223)
	at com.grizzly.apf.Test.TestDao.TestDao.TestDao01(TestDao.java:52)
	at sun.reflect.NativeMethodAccessorImpl.invoke0(Native Method)
	at sun.reflect.NativeMethodAccessorImpl.invoke(NativeMethodAccessorImpl.java:57)
	at sun.reflect.DelegatingMethodAccessorImpl.invoke(DelegatingMethodAccessorImpl.java:43)
	at java.lang.reflect.Method.invoke(Method.java:601)
	at org.junit.runners.model.FrameworkMethod$1.runReflectiveCall(FrameworkMethod.java:47)
	at org.junit.internal.runners.model.ReflectiveCallable.run(ReflectiveCallable.java:12)
	at org.junit.runners.model.FrameworkMethod.invokeExplosively(FrameworkMethod.java:44)
	at org.junit.internal.runners.statements.InvokeMethod.evaluate(InvokeMethod.java:17)
	at org.junit.internal.runners.statements.RunBefores.evaluate(RunBefores.java:26)
	at org.junit.internal.runners.statements.RunAfters.evaluate(RunAfters.java:27)
	at org.robolectric.RobolectricTestRunner$2.evaluate(RobolectricTestRunner.java:234)
	at org.junit.runners.ParentRunner.runLeaf(ParentRunner.java:271)
	at org.junit.runners.BlockJUnit4ClassRunner.runChild(BlockJUnit4ClassRunner.java:70)
	at org.junit.runners.BlockJUnit4ClassRunner.runChild(BlockJUnit4ClassRunner.java:50)
	at org.junit.runners.ParentRunner$3.run(ParentRunner.java:238)
	at org.junit.runners.ParentRunner$1.schedule(ParentRunner.java:63)
	at org.junit.runners.ParentRunner.runChildren(ParentRunner.java:236)
	at org.junit.runners.ParentRunner.access$000(ParentRunner.java:53)
	at org.junit.runners.ParentRunner$2.evaluate(ParentRunner.java:229)
	at org.robolectric.RobolectricTestRunner$1.evaluate(RobolectricTestRunner.java:175)
	at org.junit.runners.ParentRunner.run(ParentRunner.java:309)
	at org.apache.maven.surefire.junit4.JUnit4Provider.execute(JUnit4Provider.java:264)
	at org.apache.maven.surefire.junit4.JUnit4Provider.executeTestSet(JUnit4Provider.java:153)
	at org.apache.maven.surefire.junit4.JUnit4Provider.invoke(JUnit4Provider.java:124)
	at org.apache.maven.surefire.booter.ForkedBooter.invokeProviderInSameClassLoader(ForkedBooter.java:200)
	at org.apache.maven.surefire.booter.ForkedBooter.runSuitesInProcess(ForkedBooter.java:153)
	at org.apache.maven.surefire.booter.ForkedBooter.main(ForkedBooter.java:103)
]]></system-err>
  </testcase>
</testsuite>